0 silly argv {
0 silly argv   _: [ 'create' ],
0 silly argv   lernaVersion: '3.22.1',
0 silly argv   '$0': 'node_modules\\lerna\\cli.js',
0 silly argv   name: 'table'
0 silly argv }
1 notice cli v3.22.1
2 verbose rootPath F:\web\bfr-ui
3 info versioning independent
4 warn ENOREMOTE No git remote found, skipping repository property
5 error Error: canceled
5 error     at Interface.<anonymous> (F:\web\bfr-ui\node_modules\read\lib\read.js:66:13)
5 error     at Interface.emit (events.js:321:20)
5 error     at Interface._ttyWrite (readline.js:893:16)
5 error     at ReadStream.onkeypress (readline.js:198:10)
5 error     at ReadStream.emit (events.js:321:20)
5 error     at emitKeys (internal/readline/utils.js:438:14)
5 error     at emitKeys.next (<anonymous>)
5 error     at ReadStream.onData (readline.js:1160:36)
5 error     at ReadStream.emit (events.js:321:20)
5 error     at addChunk (_stream_readable.js:294:12)
5 error     at readableAddChunk (_stream_readable.js:275:11)
5 error     at ReadStream.Readable.push (_stream_readable.js:209:10)
